[debug] [2022-09-24T14:38:35.542Z] ----------------------------------------------------------------------
[debug] [2022-09-24T14:38:35.544Z] Command:       C:\Program Files\nodejs\node.exe C:\Users\LAPTOP\AppData\Roaming\npm\node_modules\firebase-tools\lib\bin\firebase.js login
[debug] [2022-09-24T14:38:35.545Z] CLI Version:   11.10.0
[debug] [2022-09-24T14:38:35.545Z] Platform:      win32
[debug] [2022-09-24T14:38:35.545Z] Node Version:  v16.17.0
[debug] [2022-09-24T14:38:35.546Z] Time:          Sat Sep 24 2022 16:38:35 GMT+0200 (Eastern European Standard Time)
[debug] [2022-09-24T14:38:35.546Z] ----------------------------------------------------------------------
[debug] 
[info] i  Firebase optionally collects CLI and Emulator Suite usage and error reporting information to help improve our products. Data is collected in accordance with Google's privacy policy (https://policies.google.com/privacy) and is not used to identify you.
 
[info] i  To change your data collection preference at any time, run `firebase logout` and log in again. 
[info] 
[info] Visit this URL on this device to log in:
[info] https://accounts.google.com/o/oauth2/auth?client_id=563584335869-fgrhgmd47bqnekij5i8b5pr03ho849e6.apps.googleusercontent.com&scope=email%20openid%20https%3A%2F%2Fwww.googleapis.com%2Fauth%2Fcloudplatformprojects.readonly%20https%3A%2F%2Fwww.googleapis.com%2Fauth%2Ffirebase%20https%3A%2F%2Fwww.googleapis.com%2Fauth%2Fcloud-platform&response_type=code&state=97043070&redirect_uri=http%3A%2F%2Flocalhost%3A9005
[info] 
[info] Waiting for authentication...
[debug] [2022-09-24T14:38:39.493Z] Error: spawn cmd ENOENT
    at Process.ChildProcess._handle.onexit (node:internal/child_process:283:19)
    at onErrorNT (node:internal/child_process:478:16)
    at processTicksAndRejections (node:internal/process/task_queues:83:21)
[error] 
[error] Error: An unexpected error has occurred.
